[2025-11-22T13:18:27.151852Z] [] [INFO] [NCLS-GFLAUNCHER-00005] [jakarta.enterprise.launcher] [tid: _ThreadID=1 _ThreadName=main] [levelValue: 800] [[
  JVM invocation command line:
/opt/java/openjdk/bin/java
-cp
/opt/glassfish7/glassfish/modules/glassfish.jar
-DWALL_CLOCK_START=2025-11-22T13:18:26.184562069Z
-XX:+UnlockDiagnosticVMOptions
-XX:NewRatio=2
-Xmx512m
--add-opens=java.base/java.io=ALL-UNNAMED
--add-opens=java.base/java.lang=ALL-UNNAMED
--add-opens=java.base/java.util=ALL-UNNAMED
--add-opens=java.base/sun.nio.fs=ALL-UNNAMED
--add-opens=java.base/sun.net.www.protocol.jrt=ALL-UNNAMED
--add-opens=java.naming/javax.naming.spi=ALL-UNNAMED
--add-opens=java.rmi/sun.rmi.transport=ALL-UNNAMED
--add-opens=jdk.management/com.sun.management.internal=ALL-UNNAMED
--add-exports=java.naming/com.sun.jndi.ldap=ALL-UNNAMED
--add-exports=java.base/jdk.internal.vm.annotation=ALL-UNNAMED
--add-opens=java.base/jdk.internal.vm.annotation=ALL-UNNAMED
-javaagent:/opt/glassfish7/glassfish/lib/monitor/flashlight-agent.jar
-Djava.awt.headless=true
-Djdk.corba.allowOutputStreamSubclass=true
-Djdk.tls.rejectClientInitiatedRenegotiation=true
-Djavax.xml.accessExternalSchema=all
-Djava.security.policy=/opt/glassfish7/glassfish/domains/domain1/config/server.policy
-Djava.security.auth.login.config=/opt/glassfish7/glassfish/domains/domain1/config/login.conf
-Dcom.sun.enterprise.security.httpsOutboundKeyAlias=s1as
-Djavax.net.ssl.keyStore=/opt/glassfish7/glassfish/domains/domain1/config/keystore.jks
-Djavax.net.ssl.trustStore=/opt/glassfish7/glassfish/domains/domain1/config/cacerts.jks
-Djdbc.drivers=org.apache.derby.jdbc.ClientDriver
-DANTLR_USE_DIRECT_CLASS_LOADING=true
-Dcom.sun.enterprise.config.config_environment_factory_class=com.sun.enterprise.config.serverbeans.AppserverConfigEnvironmentFactory
-Dorg.glassfish.additionalOSGiBundlesToStart=org.apache.felix.shell,org.apache.felix.gogo.runtime,org.apache.felix.gogo.shell,org.apache.felix.gogo.command,org.apache.felix.shell.remote,org.apache.felix.fileinstall
-Dosgi.shell.telnet.port=6666
-Dosgi.shell.telnet.maxconn=1
-Dosgi.shell.telnet.ip=127.0.0.1
-Dgosh.args=--nointeractive
-Dfelix.fileinstall.dir=/opt/glassfish7/glassfish/modules/autostart/
-Dfelix.fileinstall.poll=5000
-Dfelix.fileinstall.log.level=2
-Dfelix.fileinstall.bundles.new.start=true
-Dfelix.fileinstall.bundles.startTransient=true
-Dfelix.fileinstall.disableConfigSave=false
-Dorg.glassfish.gmbal.no.multipleUpperBoundsException=true
-Dcom.ctc.wstx.returnNullForDefaultNamespace=true
-Djdk.attach.allowAttachSelf=true
-Dcom.sun.aas.instanceRoot=/opt/glassfish7/glassfish/domains/domain1
-Dcom.sun.aas.installRoot=/opt/glassfish7/glassfish
-Djava.library.path=/opt/glassfish7/glassfish/lib:/usr/java/packages/lib:/usr/lib64:/lib64:/lib:/usr/lib
com.sun.enterprise.glassfish.bootstrap.GlassFishMain
-upgrade
false
-domaindir
/opt/glassfish7/glassfish/domains/domain1
-read-stdin
true
-asadmin-args
--host,,,localhost,,,--port,,,4848,,,--user,,,admin,,,--passwordfile,,,/password.txt,,,--secure=false,,,--terse=false,,,--echo=false,,,--interactive=false,,,start-domain,,,--verbose=true,,,--watchdog=false,,,--debug=false,,,--domaindir,,,/opt/glassfish7/glassfish/domains,,,domain1
-domainname
domain1
-instancename
server
-type
DAS
-verbose
true
-asadmin-classpath
/opt/glassfish7/glassfish/lib/client/appserver-cli.jar
-debug
false
-asadmin-classname
com.sun.enterprise.admin.cli.AdminMain]]

